22:11:34,284  INFO MainCRSApplication,main:13 - Welcome!!!
22:11:34,286  INFO MainCRSApplication,main:17 - Login
22:11:34,385  INFO MainCRSApplication,main:20 - Enter your email: 
22:11:45,116  INFO MainCRSApplication,main:23 - Enter password: 
22:11:48,506  INFO MainCRSApplication,main:37 - Invalid credentials
22:13:43,784  INFO MainCRSApplication,main:13 - Welcome!!!
22:13:43,785  INFO MainCRSApplication,main:17 - Login
22:13:43,803  INFO MainCRSApplication,main:20 - Enter your email: 
22:13:51,618  INFO MainCRSApplication,main:23 - Enter password: 
22:13:53,761  INFO MainCRSApplication,main:37 - Invalid credentials
22:15:54,502  INFO MainCRSApplication,main:13 - Welcome!!!
22:15:54,503  INFO MainCRSApplication,main:17 - Login
22:15:54,518  INFO MainCRSApplication,main:20 - Enter your email: 
22:16:01,765  INFO MainCRSApplication,main:23 - Enter password: 
22:16:03,914  INFO MainCRSApplication,main:37 - Invalid credentials
22:16:48,296  INFO MainCRSApplication,main:13 - Welcome!!!
22:16:48,298  INFO MainCRSApplication,main:17 - Login
22:16:48,315  INFO MainCRSApplication,main:20 - Enter your email: 
22:16:52,394  INFO MainCRSApplication,main:23 - Enter password: 
22:16:55,467  INFO MainCRSApplication,main:37 - Invalid credentials
22:17:47,861  INFO MainCRSApplication,main:13 - Welcome!!!
22:17:47,863  INFO MainCRSApplication,main:17 - Login
22:17:47,875  INFO MainCRSApplication,main:20 - Enter your email: 
22:17:52,671  INFO MainCRSApplication,main:23 - Enter password: 
22:17:55,104  INFO MainCRSApplication,main:37 - Invalid credentials
22:19:38,158  INFO MainCRSApplication,main:13 - Welcome!!!
22:19:38,161  INFO MainCRSApplication,main:17 - Login
22:19:38,178  INFO MainCRSApplication,main:20 - Enter your email: 
22:19:44,655  INFO MainCRSApplication,main:23 - Enter password: 
22:19:47,389  INFO MainCRSApplication,main:37 - Invalid credentials
22:21:07,231  INFO MainCRSApplication,main:13 - Welcome!!!
22:21:07,233  INFO MainCRSApplication,main:17 - Login
22:21:07,248  INFO MainCRSApplication,main:20 - Enter your email: 
22:21:13,570  INFO MainCRSApplication,main:23 - Enter password: 
22:21:16,046  INFO MainCRSApplication,main:37 - Invalid credentials
22:22:22,647  INFO MainCRSApplication,main:13 - Welcome!!!
22:22:22,649  INFO MainCRSApplication,main:17 - Login
22:22:22,667  INFO MainCRSApplication,main:20 - Enter your email: 
22:22:30,201  INFO MainCRSApplication,main:23 - Enter password: 
22:22:31,978  INFO MainCRSApplication,main:37 - Invalid credentials
22:24:49,435  INFO MainCRSApplication,main:13 - Welcome!!!
22:24:49,437  INFO MainCRSApplication,main:17 - Login
22:24:49,451  INFO MainCRSApplication,main:20 - Enter your email: 
22:24:55,706  INFO MainCRSApplication,main:23 - Enter password: 
22:24:58,099  INFO MainCRSApplication,main:37 - Invalid credentials
22:30:30,965  INFO MainCRSApplication,main:13 - Welcome!!!
22:30:30,967  INFO MainCRSApplication,main:17 - Login
22:30:30,984  INFO MainCRSApplication,main:20 - Enter your email: 
22:30:34,834  INFO MainCRSApplication,main:23 - Enter password: 
22:30:41,611  INFO MainCRSApplication,main:37 - Invalid credentials
22:30:50,214  INFO MainCRSApplication,main:13 - Welcome!!!
22:30:50,217  INFO MainCRSApplication,main:17 - Login
22:30:50,237  INFO MainCRSApplication,main:20 - Enter your email: 
22:30:53,906  INFO MainCRSApplication,main:23 - Enter password: 
22:30:58,506  INFO MainCRSApplication,main:37 - Invalid credentials
22:31:01,398  INFO MainCRSApplication,main:13 - Welcome!!!
22:31:01,401  INFO MainCRSApplication,main:17 - Login
22:31:01,439  INFO MainCRSApplication,main:20 - Enter your email: 
22:31:05,930  INFO MainCRSApplication,main:23 - Enter password: 
22:31:08,866  INFO MainCRSApplication,main:37 - Invalid credentials
22:31:50,117  INFO MainCRSApplication,main:13 - Welcome!!!
22:31:50,121  INFO MainCRSApplication,main:17 - Login
22:31:50,156  INFO MainCRSApplication,main:20 - Enter your email: 
22:32:01,903  INFO MainCRSApplication,main:23 - Enter password: 
22:32:04,555  INFO MainCRSApplication,main:37 - Invalid credentials
22:32:46,335  INFO MainCRSApplication,main:13 - Welcome!!!
22:32:46,336  INFO MainCRSApplication,main:17 - Login
22:32:46,349  INFO MainCRSApplication,main:20 - Enter your email: 
22:32:52,658  INFO MainCRSApplication,main:23 - Enter password: 
22:32:55,252  INFO StudentCRSMenu,main:93 - Select an operation: 
22:32:55,252  INFO StudentCRSMenu,main:94 - 1. Show courses
22:32:55,252  INFO StudentCRSMenu,main:95 - 2. Register courses
22:32:55,252  INFO StudentCRSMenu,main:96 - 3. Add a course
22:32:55,252  INFO StudentCRSMenu,main:97 - 4. Drop a course
22:32:55,253  INFO StudentCRSMenu,main:98 - 5. View registered courses
22:32:55,253  INFO StudentCRSMenu,main:99 - 6. View grades
22:32:55,253  INFO StudentCRSMenu,main:100 - 7. Make payment
22:32:55,253  INFO StudentCRSMenu,main:101 - 8. Update info
22:32:55,253  INFO StudentCRSMenu,main:102 - -1 to exit menu
22:32:59,518  INFO StudentOperation,main:18 - ================AVAILABLE COURSES================

22:32:59,518  INFO StudentOperation,main:22 - =================================================

22:32:59,519  INFO StudentCRSMenu,main:93 - Select an operation: 
22:32:59,519  INFO StudentCRSMenu,main:94 - 1. Show courses
22:32:59,519  INFO StudentCRSMenu,main:95 - 2. Register courses
22:32:59,520  INFO StudentCRSMenu,main:96 - 3. Add a course
22:32:59,520  INFO StudentCRSMenu,main:97 - 4. Drop a course
22:32:59,520  INFO StudentCRSMenu,main:98 - 5. View registered courses
22:32:59,521  INFO StudentCRSMenu,main:99 - 6. View grades
22:32:59,521  INFO StudentCRSMenu,main:100 - 7. Make payment
22:32:59,521  INFO StudentCRSMenu,main:101 - 8. Update info
22:32:59,521  INFO StudentCRSMenu,main:102 - -1 to exit menu
22:33:02,365  INFO StudentCRSMenu,main:52 - .....Exiting Menu.....

00:07:10,332  INFO MainCRSApplication,main:13 - Welcome!!!
00:07:10,334  INFO MainCRSApplication,main:17 - Login
00:07:10,348  INFO MainCRSApplication,main:20 - Enter your email: 
00:07:18,394  INFO MainCRSApplication,main:23 - Enter password: 
00:07:26,341  INFO MainCRSApplication,main:41 - Invalid credentials
00:07:38,762  INFO MainCRSApplication,main:13 - Welcome!!!
00:07:38,764  INFO MainCRSApplication,main:17 - Login
00:07:38,779  INFO MainCRSApplication,main:20 - Enter your email: 
00:07:47,168  INFO MainCRSApplication,main:23 - Enter password: 
00:07:49,930  INFO AdminCRSMenu,main:76 - Select an operation
00:07:49,930  INFO AdminCRSMenu,main:77 - Press 1 to generate report card of a student
00:07:49,931  INFO AdminCRSMenu,main:78 - Press 2 to add professor
00:07:49,931  INFO AdminCRSMenu,main:79 - Press 3 to add Admin
00:07:49,931  INFO AdminCRSMenu,main:80 - Press 4 to approve students
00:07:49,931  INFO AdminCRSMenu,main:81 - Press 5 to add course
00:07:49,932  INFO AdminCRSMenu,main:82 - Press 6 to delete a course
00:07:49,932  INFO AdminCRSMenu,main:83 - Press -1 to exit
00:07:54,152  INFO AdminCRSMenu,main:35 - Enter the new username : 
00:08:10,144  INFO AdminCRSMenu,main:44 - Enter password : 
00:08:20,883  INFO AdminCRSMenu,main:46 - Re-enter password : 
00:08:26,416  INFO AdminOperation,main:29 - Admin added successfully
00:09:02,299  INFO MainCRSApplication,main:13 - Welcome!!!
00:09:02,301  INFO MainCRSApplication,main:17 - Login
00:09:02,316  INFO MainCRSApplication,main:20 - Enter your email: 
00:09:06,347  INFO MainCRSApplication,main:23 - Enter password: 
00:09:09,161  INFO MainCRSApplication,main:41 - Invalid credentials
00:09:12,182  INFO MainCRSApplication,main:13 - Welcome!!!
00:09:12,183  INFO MainCRSApplication,main:17 - Login
00:09:12,197  INFO MainCRSApplication,main:20 - Enter your email: 
00:09:17,679  INFO MainCRSApplication,main:23 - Enter password: 
00:09:20,015  INFO AdminCRSMenu,main:76 - Select an operation
00:09:20,015  INFO AdminCRSMenu,main:77 - Press 1 to generate report card of a student
00:09:20,015  INFO AdminCRSMenu,main:78 - Press 2 to add professor
00:09:20,016  INFO AdminCRSMenu,main:79 - Press 3 to add Admin
00:09:20,016  INFO AdminCRSMenu,main:80 - Press 4 to approve students
00:09:20,016  INFO AdminCRSMenu,main:81 - Press 5 to add course
00:09:20,017  INFO AdminCRSMenu,main:82 - Press 6 to delete a course
00:09:20,017  INFO AdminCRSMenu,main:83 - Press -1 to exit
00:09:22,021  INFO AdminCRSMenu,main:35 - Enter the new username : 
00:09:26,749  INFO AdminCRSMenu,main:44 - Enter password : 
00:09:29,156  INFO AdminCRSMenu,main:46 - Re-enter password : 
00:09:31,399  INFO AdminCRSMenu,main:50 - Passwords do not match. Please re-enter.
00:09:31,400  INFO AdminCRSMenu,main:44 - Enter password : 
00:09:36,128  INFO AdminCRSMenu,main:46 - Re-enter password : 
00:09:38,160  INFO AdminCRSMenu,main:50 - Passwords do not match. Please re-enter.
00:09:38,161  INFO AdminCRSMenu,main:44 - Enter password : 
00:09:42,076  INFO AdminCRSMenu,main:46 - Re-enter password : 
00:09:43,729  INFO AdminOperation,main:29 - Admin added successfully
00:11:08,869  INFO AdminCRSMenu,main:35 - Enter the new username : 
00:11:15,610  WARN MainCRSApplication,main:48 - No line found
00:11:49,227  INFO MainCRSApplication,main:13 - Welcome!!!
00:11:49,229  INFO MainCRSApplication,main:17 - Login
00:11:49,246  INFO MainCRSApplication,main:20 - Enter your email: 
00:11:56,069  INFO MainCRSApplication,main:23 - Enter password: 
00:11:58,594  INFO AdminCRSMenu,main:77 - Select an operation
00:11:58,595  INFO AdminCRSMenu,main:78 - Press 1 to generate report card of a student
00:11:58,595  INFO AdminCRSMenu,main:79 - Press 2 to add professor
00:11:58,595  INFO AdminCRSMenu,main:80 - Press 3 to add Admin
00:11:58,595  INFO AdminCRSMenu,main:81 - Press 4 to approve students
00:11:58,595  INFO AdminCRSMenu,main:82 - Press 5 to add course
00:11:58,596  INFO AdminCRSMenu,main:83 - Press 6 to delete a course
00:11:58,596  INFO AdminCRSMenu,main:84 - Press -1 to exit
00:12:01,716  INFO AdminCRSMenu,main:36 - Enter the new username : 
00:12:10,928  INFO AdminCRSMenu,main:45 - Enter password : 
00:12:13,253  INFO AdminCRSMenu,main:47 - Re-enter password : 
00:12:16,081  INFO AdminOperation,main:29 - Admin added successfully
00:12:16,081  INFO AdminCRSMenu,main:77 - Select an operation
00:12:16,082  INFO AdminCRSMenu,main:78 - Press 1 to generate report card of a student
00:12:16,082  INFO AdminCRSMenu,main:79 - Press 2 to add professor
00:12:16,082  INFO AdminCRSMenu,main:80 - Press 3 to add Admin
00:12:16,083  INFO AdminCRSMenu,main:81 - Press 4 to approve students
00:12:16,083  INFO AdminCRSMenu,main:82 - Press 5 to add course
00:12:16,083  INFO AdminCRSMenu,main:83 - Press 6 to delete a course
00:12:16,083  INFO AdminCRSMenu,main:84 - Press -1 to exit
00:12:21,031  INFO AdminCRSMenu,main:67 - Invalid Choice
00:38:47,411  INFO MainCRSApplication,main:13 - Welcome!!!
00:38:47,413  INFO MainCRSApplication,main:17 - Login
00:38:47,428  INFO MainCRSApplication,main:20 - Enter your email: 
00:38:53,289  INFO MainCRSApplication,main:23 - Enter password: 
00:38:55,898  INFO AdminCRSMenu,main:17 - Welcome Admin.
00:38:55,898  INFO AdminCRSMenu,main:78 - Select an operation
00:38:55,899  INFO AdminCRSMenu,main:79 - Press 1 to generate report card of a student
00:38:55,899  INFO AdminCRSMenu,main:80 - Press 2 to add professor
00:38:55,899  INFO AdminCRSMenu,main:81 - Press 3 to add Admin
00:38:55,899  INFO AdminCRSMenu,main:82 - Press 4 to approve students
00:38:55,900  INFO AdminCRSMenu,main:83 - Press 5 to add course
00:38:55,900  INFO AdminCRSMenu,main:84 - Press 6 to delete a course
00:38:55,900  INFO AdminCRSMenu,main:85 - Press -1 to exit
00:38:57,593  INFO AdminCRSMenu,main:34 - Enter the new username : 
00:39:03,628  INFO AdminCRSMenu,main:43 - Enter password : 
00:39:04,886  INFO AdminCRSMenu,main:45 - Re-enter password : 
00:39:08,435  INFO AdminOperation,main:29 - Admin added successfully
00:39:08,435  INFO AdminCRSMenu,main:78 - Select an operation
00:39:08,435  INFO AdminCRSMenu,main:79 - Press 1 to generate report card of a student
00:39:08,436  INFO AdminCRSMenu,main:80 - Press 2 to add professor
00:39:08,436  INFO AdminCRSMenu,main:81 - Press 3 to add Admin
00:39:08,437  INFO AdminCRSMenu,main:82 - Press 4 to approve students
00:39:08,437  INFO AdminCRSMenu,main:83 - Press 5 to add course
00:39:08,437  INFO AdminCRSMenu,main:84 - Press 6 to delete a course
00:39:08,437  INFO AdminCRSMenu,main:85 - Press -1 to exit
00:39:30,236  INFO AdminCRSMenu,main:65 - Logged Out Successfully
01:01:42,906  WARN MainCRSApplication,main:48 - 
